Traceback (most recent call last):
  File "/mnt/webscistorage/cc7738/ws_joella/EnergyTSF/TPGNN/TPGNN/main_tpgnn.py", line 257, in <module>
    fire.Fire()
  File "/mnt/webscistorage/cc7738/anaconda3/envs/Energy-TSF/lib/python3.8/site-packages/fire/core.py", line 135, in Fire
    component_trace = _Fire(component, args, parsed_flag_args, context, name)
  File "/mnt/webscistorage/cc7738/anaconda3/envs/Energy-TSF/lib/python3.8/site-packages/fire/core.py", line 468, in _Fire
    component, remaining_args = _CallAndUpdateTrace(
  File "/mnt/webscistorage/cc7738/anaconda3/envs/Energy-TSF/lib/python3.8/site-packages/fire/core.py", line 684, in _CallAndUpdateTrace
    component = fn(*varargs, **kwargs)
  File "/mnt/webscistorage/cc7738/ws_joella/EnergyTSF/TPGNN/TPGNN/main_tpgnn.py", line 99, in train
    train_dataset = STAGNN_stamp_Dataset(opt, train=True, val=False) ####
  File "/mnt/webscistorage/cc7738/ws_joella/EnergyTSF/TPGNN/data_provider/dataset.py", line 264, in __init__
    self.x, self.stamp, self.y = transform_time(self.dataset, train, opt, start, self.sub_label)
  File "/mnt/webscistorage/cc7738/ws_joella/EnergyTSF/TPGNN/data_provider/dataset.py", line 110, in transform_time
    x = torch.zeros(n_day * n_slot, 1, n_his, n_route) ###########
RuntimeError: Trying to create tensor with negative dimension -3264: [-3264, 1, 192, 10]
user config:
seed 666
device 0
scaler StandardScaler()
day_slot 288
n_route 10
n_his 192
n_pred 192
n_train 34
n_val 5
n_test 5
mode 1
n_c 10
model STAGNN_stamp
TPG TPGNN
name lr1e-4_bs64_nh128_ra1e-4_dp0.2_wd1e-6_ah2_ck3_kt6
log_path log/TPGNN_r05p02kt3outer_311
crash 311
new_name TPGNN_r05p02kt3outer_311
batch_size 64
lr 0.0001
a 0.1
r 0.5
n_mask 1
adam {'use': True, 'weight_decay': 0.0001}
slr {'use': True, 'step_size': 400, 'gamma': 0.3}
resume False
start_epoch 0
epochs 100
n_layer 1
n_attr 64
n_hid 128
reg_A 0.0001
circle 288
drop_prob 0.2
CE {'use': True, 'kernel_size': 1, 'bias': False}
LE {'use': False, 'bias': False}
SE {'use': True, 'separate': True, 'no': False}
TE {'use': True, 'no': True}
attn {'head': 1, 'd_k': 32, 'd_v': 32, 'drop_prob': 0.2}
STstamp {'use': True, 'kt': 3, 'temperature': 1.0}
T4N {'use': True, 'step': 2, 'end_epoch': 10000, 'change_head': True, 'change_enc': True}
stamp_path /mnt/webscistorage/cc7738/ws_joella/EnergyTSF/TPGNN/datasets/time_stamp_F_96.npy
data_path /mnt/webscistorage/cc7738/ws_joella/EnergyTSF/TPGNN/datasets/V_France_processed_0.csv
adj_matrix_path /mnt/webscistorage/cc7738/ws_joella/EnergyTSF/TPGNN/datasets/W_France_processed_0.csv
dis_mat tensor([[0.0000, 0.3661, 0.0000, 0.0000, 0.0000, 0.0000, 0.0000, 0.6136, 0.0000,
         0.0000],
        [0.3661, 0.0000, 0.0000, 0.0000, 0.1098, 0.0000, 0.0000, 0.8975, 0.4288,
         0.0000],
        [0.0000, 0.0000, 0.0000, 0.3410, 0.8975, 0.0000, 0.0000, 0.0000, 0.4288,
         0.0000],
        [0.0000, 0.0000, 0.3410, 0.0000, 0.1547, 0.0000, 0.0000, 0.0000, 0.0000,
         0.1494],
        [0.0000, 0.1098, 0.8975, 0.1547, 0.0000, 0.0000, 0.0000, 0.0000, 0.6996,
         0.0000],
        [0.0000, 0.0000, 0.0000, 0.0000, 0.0000, 0.0000, 0.8104, 0.0000, 0.0000,
         0.2289],
        [0.0000, 0.0000, 0.0000, 0.0000, 0.0000, 0.8104, 0.0000, 0.0000, 0.0000,
         0.5594],
        [0.6136, 0.8975, 0.0000, 0.0000, 0.0000, 0.0000, 0.0000, 0.0000, 0.2117,
         0.0000],
        [0.0000, 0.4288, 0.4288, 0.0000, 0.6996, 0.0000, 0.0000, 0.2117, 0.0000,
         0.0000],
        [0.0000, 0.0000, 0.0000, 0.1494, 0.0000, 0.2289, 0.5594, 0.0000, 0.0000,
         0.0000]], device='cuda:0')
prefix log/lr1e-4_bs64_nh128_ra1e-4_dp0.2_wd1e-6_ah2_ck3_kt6/
checkpoint_temp_path log/lr1e-4_bs64_nh128_ra1e-4_dp0.2_wd1e-6_ah2_ck3_kt6//temp.pth
checkpoint_best_path log/lr1e-4_bs64_nh128_ra1e-4_dp0.2_wd1e-6_ah2_ck3_kt6//best.pth
tensorboard_path log/lr1e-4_bs64_nh128_ra1e-4_dp0.2_wd1e-6_ah2_ck3_kt6/
record_path log/lr1e-4_bs64_nh128_ra1e-4_dp0.2_wd1e-6_ah2_ck3_kt6/record.txt
eps 0.1
parse <bound method DefaultConfig.parse of <config.DefaultConfig object at 0x7f6272695550>>
output <bound method DefaultConfig.output of <config.DefaultConfig object at 0x7f6272695550>>
train: True, day_slot: 288, n_his: 192, n_pred: 192, T4N_step: 2
n_slot (calculated): 9792
len(data): 9792, day_slot: 288, n_day: 34
Finished training with: lr1e-4_bs64_nh128_ra1e-4_dp0.2_wd1e-6_ah2_ck3_kt6
Traceback (most recent call last):
  File "/mnt/webscistorage/cc7738/ws_joella/EnergyTSF/TPGNN/TPGNN/main_tpgnn.py", line 257, in <module>
    fire.Fire()
  File "/mnt/webscistorage/cc7738/anaconda3/envs/Energy-TSF/lib/python3.8/site-packages/fire/core.py", line 135, in Fire
    component_trace = _Fire(component, args, parsed_flag_args, context, name)
  File "/mnt/webscistorage/cc7738/anaconda3/envs/Energy-TSF/lib/python3.8/site-packages/fire/core.py", line 468, in _Fire
    component, remaining_args = _CallAndUpdateTrace(
  File "/mnt/webscistorage/cc7738/anaconda3/envs/Energy-TSF/lib/python3.8/site-packages/fire/core.py", line 684, in _CallAndUpdateTrace
    component = fn(*varargs, **kwargs)
  File "/mnt/webscistorage/cc7738/ws_joella/EnergyTSF/TPGNN/TPGNN/main_tpgnn.py", line 99, in train
    train_dataset = STAGNN_stamp_Dataset(opt, train=True, val=False) ####
  File "/mnt/webscistorage/cc7738/ws_joella/EnergyTSF/TPGNN/data_provider/dataset.py", line 264, in __init__
    self.x, self.stamp, self.y = transform_time(self.dataset, train, opt, start, self.sub_label)
  File "/mnt/webscistorage/cc7738/ws_joella/EnergyTSF/TPGNN/data_provider/dataset.py", line 110, in transform_time
    x = torch.zeros(n_day * n_slot, 1, n_his, n_route) ###########
RuntimeError: Trying to create tensor with negative dimension -3264: [-3264, 1, 192, 10]
user config:
seed 666
device 0
scaler StandardScaler()
day_slot 288
n_route 10
n_his 192
n_pred 192
n_train 34
n_val 5
n_test 5
mode 1
n_c 10
model STAGNN_stamp
TPG TPGNN
name lr1e-3_bs64_nh256_ra1e-5_dp0.2_wd1e-4_ah4_ck5_kt6
log_path log/TPGNN_r05p02kt3outer_312
crash 312
new_name TPGNN_r05p02kt3outer_312
batch_size 64
lr 0.001
a 0.1
r 0.5
n_mask 1
adam {'use': True, 'weight_decay': 0.0001}
slr {'use': True, 'step_size': 400, 'gamma': 0.3}
resume False
start_epoch 0
epochs 100
n_layer 1
n_attr 64
n_hid 256
reg_A 1e-05
circle 288
drop_prob 0.2
CE {'use': True, 'kernel_size': 1, 'bias': False}
LE {'use': False, 'bias': False}
SE {'use': True, 'separate': True, 'no': False}
TE {'use': True, 'no': True}
attn {'head': 1, 'd_k': 32, 'd_v': 32, 'drop_prob': 0.2}
STstamp {'use': True, 'kt': 3, 'temperature': 1.0}
T4N {'use': True, 'step': 2, 'end_epoch': 10000, 'change_head': True, 'change_enc': True}
stamp_path /mnt/webscistorage/cc7738/ws_joella/EnergyTSF/TPGNN/datasets/time_stamp_F_96.npy
data_path /mnt/webscistorage/cc7738/ws_joella/EnergyTSF/TPGNN/datasets/V_France_processed_0.csv
adj_matrix_path /mnt/webscistorage/cc7738/ws_joella/EnergyTSF/TPGNN/datasets/W_France_processed_0.csv
dis_mat tensor([[0.0000, 0.3661, 0.0000, 0.0000, 0.0000, 0.0000, 0.0000, 0.6136, 0.0000,
         0.0000],
        [0.3661, 0.0000, 0.0000, 0.0000, 0.1098, 0.0000, 0.0000, 0.8975, 0.4288,
         0.0000],
        [0.0000, 0.0000, 0.0000, 0.3410, 0.8975, 0.0000, 0.0000, 0.0000, 0.4288,
         0.0000],
        [0.0000, 0.0000, 0.3410, 0.0000, 0.1547, 0.0000, 0.0000, 0.0000, 0.0000,
         0.1494],
        [0.0000, 0.1098, 0.8975, 0.1547, 0.0000, 0.0000, 0.0000, 0.0000, 0.6996,
         0.0000],
        [0.0000, 0.0000, 0.0000, 0.0000, 0.0000, 0.0000, 0.8104, 0.0000, 0.0000,
         0.2289],
        [0.0000, 0.0000, 0.0000, 0.0000, 0.0000, 0.8104, 0.0000, 0.0000, 0.0000,
         0.5594],
        [0.6136, 0.8975, 0.0000, 0.0000, 0.0000, 0.0000, 0.0000, 0.0000, 0.2117,
         0.0000],
        [0.0000, 0.4288, 0.4288, 0.0000, 0.6996, 0.0000, 0.0000, 0.2117, 0.0000,
         0.0000],
        [0.0000, 0.0000, 0.0000, 0.1494, 0.0000, 0.2289, 0.5594, 0.0000, 0.0000,
         0.0000]], device='cuda:0')
prefix log/lr1e-3_bs64_nh256_ra1e-5_dp0.2_wd1e-4_ah4_ck5_kt6/
checkpoint_temp_path log/lr1e-3_bs64_nh256_ra1e-5_dp0.2_wd1e-4_ah4_ck5_kt6//temp.pth
checkpoint_best_path log/lr1e-3_bs64_nh256_ra1e-5_dp0.2_wd1e-4_ah4_ck5_kt6//best.pth
tensorboard_path log/lr1e-3_bs64_nh256_ra1e-5_dp0.2_wd1e-4_ah4_ck5_kt6/
record_path log/lr1e-3_bs64_nh256_ra1e-5_dp0.2_wd1e-4_ah4_ck5_kt6/record.txt
eps 0.1
parse <bound method DefaultConfig.parse of <config.DefaultConfig object at 0x7f871d336550>>
output <bound method DefaultConfig.output of <config.DefaultConfig object at 0x7f871d336550>>
train: True, day_slot: 288, n_his: 192, n_pred: 192, T4N_step: 2
n_slot (calculated): 9792
len(data): 9792, day_slot: 288, n_day: 34
Finished training with: lr1e-3_bs64_nh256_ra1e-5_dp0.2_wd1e-4_ah4_ck5_kt6
