2025-03-13 20:53:30.696815: I tensorflow/core/platform/cpu_feature_guard.cc:182] This TensorFlow binary is optimized to use available CPU instructions in performance-critical operations.
To enable the following instructions: AVX2 FMA, in other operations, rebuild TensorFlow with the appropriate compiler flags.
2025-03-13 20:53:33.101733: W tensorflow/compiler/tf2tensorrt/utils/py_utils.cc:38] TF-TRT Warning: Could not find TensorRT
Is CUDA available?  True
Current CUDA device:  0
CUDA device name:  NVIDIA GeForce RTX 4090
Number of GPUs:  1
The input graph is a 0/1 matrix; set "scaling" to False.
user config:
seed 666
device 0
scaler StandardScaler()
day_slot 576
n_route 10
n_his 96
n_pred 96
n_train 34
n_val 5
n_test 5
mode 1
n_c 10
model STAGNN_stamp
TPG TPGNN
name lr1e-4_bs64_nh64_ra1e-5_dp0.1_wd1e-6_ah1_ck(1 3 5)__kt2
log_path log/TPGNN_r05p02kt3outer_477
crash 477
new_name TPGNN_r05p02kt3outer_477
batch_size 64
lr 0.0001
a 0.1
r 0.5
n_mask 1
adam {'use': True, 'weight_decay': 0.0001}
slr {'use': True, 'step_size': 400, 'gamma': 0.3}
resume False
start_epoch 0
epochs 100
n_layer 1
n_attr 64
n_hid 64
reg_A 1e-05
circle 288
drop_prob 0.1
CE {'use': True, 'kernel_size': 1, 'bias': False}
LE {'use': False, 'bias': False}
SE {'use': True, 'separate': True, 'no': False}
TE {'use': True, 'no': True}
attn {'head': 1, 'd_k': 32, 'd_v': 32, 'drop_prob': 0.2}
STstamp {'use': True, 'kt': 3, 'temperature': 1.0}
T4N {'use': True, 'step': 2, 'end_epoch': 10000, 'change_head': True, 'change_enc': True}
stamp_path /mnt/webscistorage/cc7738/ws_joella/EnergyTSF/TPGNN/datasets/time_stamp_F_96_R_0301.npy
data_path /mnt/webscistorage/cc7738/ws_joella/EnergyTSF/TPGNN/datasets/V_France_processed_0.csv
adj_matrix_path /mnt/webscistorage/cc7738/ws_joella/EnergyTSF/TPGNN/datasets/F_granger_causality_matri.csv
dis_mat tensor([[0., 1., 1., 0., 1., 0., 1., 1., 1., 1.],
        [1., 0., 1., 1., 1., 1., 1., 1., 1., 1.],
        [1., 1., 0., 1., 1., 1., 1., 1., 1., 1.],
        [1., 1., 1., 0., 1., 1., 1., 1., 1., 1.],
        [1., 1., 1., 1., 0., 1., 1., 1., 1., 1.],
        [1., 1., 1., 1., 1., 0., 1., 1., 1., 1.],
        [1., 1., 1., 1., 1., 1., 0., 1., 1., 1.],
        [1., 1., 1., 1., 1., 1., 1., 0., 1., 1.],
        [1., 1., 1., 1., 1., 1., 1., 1., 0., 1.],
        [1., 1., 1., 1., 1., 1., 1., 1., 1., 0.]], device='cuda:0')
prefix log/lr1e-4_bs64_nh64_ra1e-5_dp0.1_wd1e-6_ah1_ck(1 3 5)__kt2/
checkpoint_temp_path log/lr1e-4_bs64_nh64_ra1e-5_dp0.1_wd1e-6_ah1_ck(1 3 5)__kt2//temp.pth
checkpoint_best_path log/lr1e-4_bs64_nh64_ra1e-5_dp0.1_wd1e-6_ah1_ck(1 3 5)__kt2//best.pth
tensorboard_path log/lr1e-4_bs64_nh64_ra1e-5_dp0.1_wd1e-6_ah1_ck(1 3 5)__kt2/
record_path log/lr1e-4_bs64_nh64_ra1e-5_dp0.1_wd1e-6_ah1_ck(1 3 5)__kt2/record.txt
eps 0.1
parse <bound method DefaultConfig.parse of <config.DefaultConfig object at 0x7f22049d5550>>
output <bound method DefaultConfig.output of <config.DefaultConfig object at 0x7f22049d5550>>
train: True, day_slot: 576, n_his: 96, n_pred: 96, T4N_step: 2
n_slot (calculated): 9792
len(data): 19584, day_slot: 576, n_day: 34
train: False, day_slot: 576, n_his: 96, n_pred: 96, T4N_step: 2
n_slot (calculated): 1440
len(data): 2880, day_slot: 576, n_day: 5
train: False, day_slot: 576, n_his: 96, n_pred: 96, T4N_step: 2
n_slot (calculated): 1440
len(data): 2880, day_slot: 576, n_day: 5
10 10
epoch 0   lr1e-4_bs64_nh64_ra1e-5_dp0.1_wd1e-6_ah1_ck(1 3 5)__kt2 , train loss: 0.9268458222641665 , validation loss: 0.7961175932038215
epoch 1   lr1e-4_bs64_nh64_ra1e-5_dp0.1_wd1e-6_ah1_ck(1 3 5)__kt2 , train loss: 0.4938105562446164 , validation loss: 0.8762549008092573
epoch 2   lr1e-4_bs64_nh64_ra1e-5_dp0.1_wd1e-6_ah1_ck(1 3 5)__kt2 , train loss: 0.4383347336860264 , validation loss: 0.8820968904802876
epoch 3   lr1e-4_bs64_nh64_ra1e-5_dp0.1_wd1e-6_ah1_ck(1 3 5)__kt2 , train loss: 0.40804985413948697 , validation loss: 0.8739161914394747
epoch 4   lr1e-4_bs64_nh64_ra1e-5_dp0.1_wd1e-6_ah1_ck(1 3 5)__kt2 , train loss: 0.3898150922328818 , validation loss: 0.8247059660573159
epoch 5   lr1e-4_bs64_nh64_ra1e-5_dp0.1_wd1e-6_ah1_ck(1 3 5)__kt2 , train loss: 0.37656133899501726 , validation loss: 0.7936330995252056
epoch 6   lr1e-4_bs64_nh64_ra1e-5_dp0.1_wd1e-6_ah1_ck(1 3 5)__kt2 , train loss: 0.3657558499013676 , validation loss: 0.7777112837760679
epoch 7   lr1e-4_bs64_nh64_ra1e-5_dp0.1_wd1e-6_ah1_ck(1 3 5)__kt2 , train loss: 0.3560592026687136 , validation loss: 0.7371912233291134
epoch 8   lr1e-4_bs64_nh64_ra1e-5_dp0.1_wd1e-6_ah1_ck(1 3 5)__kt2 , train loss: 0.34666449839577956 , validation loss: 0.7118664883798168
epoch 9   lr1e-4_bs64_nh64_ra1e-5_dp0.1_wd1e-6_ah1_ck(1 3 5)__kt2 , train loss: 0.3360620193621692 , validation loss: 0.6650601087077972
epoch 10   lr1e-4_bs64_nh64_ra1e-5_dp0.1_wd1e-6_ah1_ck(1 3 5)__kt2 , train loss: 0.3221253958695075 , validation loss: 0.6436336425042921
epoch 11   lr1e-4_bs64_nh64_ra1e-5_dp0.1_wd1e-6_ah1_ck(1 3 5)__kt2 , train loss: 0.3099851421281403 , validation loss: 0.6003286915440713
epoch 12   lr1e-4_bs64_nh64_ra1e-5_dp0.1_wd1e-6_ah1_ck(1 3 5)__kt2 , train loss: 0.30221980459549846 , validation loss: 0.585790911028462
epoch 13   lr1e-4_bs64_nh64_ra1e-5_dp0.1_wd1e-6_ah1_ck(1 3 5)__kt2 , train loss: 0.29640404733957026 , validation loss: 0.5793433843120452
epoch 14   lr1e-4_bs64_nh64_ra1e-5_dp0.1_wd1e-6_ah1_ck(1 3 5)__kt2 , train loss: 0.29152899337749855 , validation loss: 0.5651181253694719
epoch 15   lr1e-4_bs64_nh64_ra1e-5_dp0.1_wd1e-6_ah1_ck(1 3 5)__kt2 , train loss: 0.28753244891470553 , validation loss: 0.5672337701243739
epoch 16   lr1e-4_bs64_nh64_ra1e-5_dp0.1_wd1e-6_ah1_ck(1 3 5)__kt2 , train loss: 0.28375013304107327 , validation loss: 0.5589131655231598
epoch 17   lr1e-4_bs64_nh64_ra1e-5_dp0.1_wd1e-6_ah1_ck(1 3 5)__kt2 , train loss: 0.2803480906375483 , validation loss: 0.5463610772163637
epoch 18   lr1e-4_bs64_nh64_ra1e-5_dp0.1_wd1e-6_ah1_ck(1 3 5)__kt2 , train loss: 0.2771742533819348 , validation loss: 0.5506197896695906
epoch 19   lr1e-4_bs64_nh64_ra1e-5_dp0.1_wd1e-6_ah1_ck(1 3 5)__kt2 , train loss: 0.2742199548611454 , validation loss: 0.5356653611506185
epoch 20   lr1e-4_bs64_nh64_ra1e-5_dp0.1_wd1e-6_ah1_ck(1 3 5)__kt2 , train loss: 0.2714119332970357 , validation loss: 0.5374779941574219
epoch 21   lr1e-4_bs64_nh64_ra1e-5_dp0.1_wd1e-6_ah1_ck(1 3 5)__kt2 , train loss: 0.26878471964714573 , validation loss: 0.5317308210557506
epoch 22   lr1e-4_bs64_nh64_ra1e-5_dp0.1_wd1e-6_ah1_ck(1 3 5)__kt2 , train loss: 0.2661898554686238 , validation loss: 0.5306284869870832
epoch 23   lr1e-4_bs64_nh64_ra1e-5_dp0.1_wd1e-6_ah1_ck(1 3 5)__kt2 , train loss: 0.2639683647190823 , validation loss: 0.528726993068572
epoch 24   lr1e-4_bs64_nh64_ra1e-5_dp0.1_wd1e-6_ah1_ck(1 3 5)__kt2 , train loss: 0.26176828233634725 , validation loss: 0.5208605556718765
epoch 25   lr1e-4_bs64_nh64_ra1e-5_dp0.1_wd1e-6_ah1_ck(1 3 5)__kt2 , train loss: 0.25952185222915575 , validation loss: 0.5216388154414392
epoch 26   lr1e-4_bs64_nh64_ra1e-5_dp0.1_wd1e-6_ah1_ck(1 3 5)__kt2 , train loss: 0.257596928553254 , validation loss: 0.5274700858900624
epoch 27   lr1e-4_bs64_nh64_ra1e-5_dp0.1_wd1e-6_ah1_ck(1 3 5)__kt2 , train loss: 0.25576332043491157 , validation loss: 0.532530503888284
epoch 28   lr1e-4_bs64_nh64_ra1e-5_dp0.1_wd1e-6_ah1_ck(1 3 5)__kt2 , train loss: 0.2539382208065659 , validation loss: 0.5180447226570498
epoch 29   lr1e-4_bs64_nh64_ra1e-5_dp0.1_wd1e-6_ah1_ck(1 3 5)__kt2 , train loss: 0.2522776847814812 , validation loss: 0.5173022785494404
epoch 30   lr1e-4_bs64_nh64_ra1e-5_dp0.1_wd1e-6_ah1_ck(1 3 5)__kt2 , train loss: 0.25066585429743227 , validation loss: 0.5241248905658722
epoch 31   lr1e-4_bs64_nh64_ra1e-5_dp0.1_wd1e-6_ah1_ck(1 3 5)__kt2 , train loss: 0.2493837967368902 , validation loss: 0.5077741636383918
epoch 32   lr1e-4_bs64_nh64_ra1e-5_dp0.1_wd1e-6_ah1_ck(1 3 5)__kt2 , train loss: 0.24800028257510243 , validation loss: 0.5157336717651736
epoch 33   lr1e-4_bs64_nh64_ra1e-5_dp0.1_wd1e-6_ah1_ck(1 3 5)__kt2 , train loss: 0.24662400782108307 , validation loss: 0.5116943467047906
epoch 34   lr1e-4_bs64_nh64_ra1e-5_dp0.1_wd1e-6_ah1_ck(1 3 5)__kt2 , train loss: 0.24533949806994082 , validation loss: 0.5171384407627967
epoch 35   lr1e-4_bs64_nh64_ra1e-5_dp0.1_wd1e-6_ah1_ck(1 3 5)__kt2 , train loss: 0.2442847490310669 , validation loss: 0.5211234265758146
epoch 36   lr1e-4_bs64_nh64_ra1e-5_dp0.1_wd1e-6_ah1_ck(1 3 5)__kt2 , train loss: 0.2431391187596555 , validation loss: 0.5214306769832489
epoch 37   lr1e-4_bs64_nh64_ra1e-5_dp0.1_wd1e-6_ah1_ck(1 3 5)__kt2 , train loss: 0.24222166522168645 , validation loss: 0.5159314765084174
epoch 38   lr1e-4_bs64_nh64_ra1e-5_dp0.1_wd1e-6_ah1_ck(1 3 5)__kt2 , train loss: 0.24113881383456437 , validation loss: 0.515887007597954
epoch 39   lr1e-4_bs64_nh64_ra1e-5_dp0.1_wd1e-6_ah1_ck(1 3 5)__kt2 , train loss: 0.24019135921901347 , validation loss: 0.5071301710221076
epoch 40   lr1e-4_bs64_nh64_ra1e-5_dp0.1_wd1e-6_ah1_ck(1 3 5)__kt2 , train loss: 0.23930682636359157 , validation loss: 0.5130155182653858
epoch 41   lr1e-4_bs64_nh64_ra1e-5_dp0.1_wd1e-6_ah1_ck(1 3 5)__kt2 , train loss: 0.2383902315415588 , validation loss: 0.5139742935857465
epoch 42   lr1e-4_bs64_nh64_ra1e-5_dp0.1_wd1e-6_ah1_ck(1 3 5)__kt2 , train loss: 0.23767127929364934 , validation loss: 0.508442755668394
epoch 43   lr1e-4_bs64_nh64_ra1e-5_dp0.1_wd1e-6_ah1_ck(1 3 5)__kt2 , train loss: 0.2369179056555617 , validation loss: 0.5263403721394078
epoch 44   lr1e-4_bs64_nh64_ra1e-5_dp0.1_wd1e-6_ah1_ck(1 3 5)__kt2 , train loss: 0.2360708282566538 , validation loss: 0.5105408689668102
epoch 45   lr1e-4_bs64_nh64_ra1e-5_dp0.1_wd1e-6_ah1_ck(1 3 5)__kt2 , train loss: 0.23532139225041165 , validation loss: 0.5069606717555754
epoch 46   lr1e-4_bs64_nh64_ra1e-5_dp0.1_wd1e-6_ah1_ck(1 3 5)__kt2 , train loss: 0.2348447482229448 , validation loss: 0.513133256666122
epoch 47   lr1e-4_bs64_nh64_ra1e-5_dp0.1_wd1e-6_ah1_ck(1 3 5)__kt2 , train loss: 0.23402327109201282 , validation loss: 0.5088892252214493
epoch 48   lr1e-4_bs64_nh64_ra1e-5_dp0.1_wd1e-6_ah1_ck(1 3 5)__kt2 , train loss: 0.23348168984932058 , validation loss: 0.5144678335036
epoch 49   lr1e-4_bs64_nh64_ra1e-5_dp0.1_wd1e-6_ah1_ck(1 3 5)__kt2 , train loss: 0.23304194847450538 , validation loss: 0.5067732132250263
epoch 50   lr1e-4_bs64_nh64_ra1e-5_dp0.1_wd1e-6_ah1_ck(1 3 5)__kt2 , train loss: 0.2324058682310815 , validation loss: 0.5062503593583261
epoch 51   lr1e-4_bs64_nh64_ra1e-5_dp0.1_wd1e-6_ah1_ck(1 3 5)__kt2 , train loss: 0.23192646814619794 , validation loss: 0.5052935346480338
epoch 52   lr1e-4_bs64_nh64_ra1e-5_dp0.1_wd1e-6_ah1_ck(1 3 5)__kt2 , train loss: 0.2313802900413672 , validation loss: 0.5070330279488717
epoch 53   lr1e-4_bs64_nh64_ra1e-5_dp0.1_wd1e-6_ah1_ck(1 3 5)__kt2 , train loss: 0.23075029546139286 , validation loss: 0.5051938814501609
epoch 54   lr1e-4_bs64_nh64_ra1e-5_dp0.1_wd1e-6_ah1_ck(1 3 5)__kt2 , train loss: 0.23029206232989535 , validation loss: 0.49914347933184716
epoch 55   lr1e-4_bs64_nh64_ra1e-5_dp0.1_wd1e-6_ah1_ck(1 3 5)__kt2 , train loss: 0.2299296108677107 , validation loss: 0.507704754990916
epoch 56   lr1e-4_bs64_nh64_ra1e-5_dp0.1_wd1e-6_ah1_ck(1 3 5)__kt2 , train loss: 0.22944146986393368 , validation loss: 0.5036349786866096
epoch 57   lr1e-4_bs64_nh64_ra1e-5_dp0.1_wd1e-6_ah1_ck(1 3 5)__kt2 , train loss: 0.2290084845587319 , validation loss: 0.5111889916081582
epoch 58   lr1e-4_bs64_nh64_ra1e-5_dp0.1_wd1e-6_ah1_ck(1 3 5)__kt2 , train loss: 0.22861790196860537 , validation loss: 0.5044245143090526
epoch 59   lr1e-4_bs64_nh64_ra1e-5_dp0.1_wd1e-6_ah1_ck(1 3 5)__kt2 , train loss: 0.2282392399422094 , validation loss: 0.5039241727321379
epoch 60   lr1e-4_bs64_nh64_ra1e-5_dp0.1_wd1e-6_ah1_ck(1 3 5)__kt2 , train loss: 0.2278335607227157 , validation loss: 0.5047274578002191
epoch 61   lr1e-4_bs64_nh64_ra1e-5_dp0.1_wd1e-6_ah1_ck(1 3 5)__kt2 , train loss: 0.2273338239128683 , validation loss: 0.5001946014742698
epoch 62   lr1e-4_bs64_nh64_ra1e-5_dp0.1_wd1e-6_ah1_ck(1 3 5)__kt2 , train loss: 0.2270460572897219 , validation loss: 0.4965345763391064
epoch 63   lr1e-4_bs64_nh64_ra1e-5_dp0.1_wd1e-6_ah1_ck(1 3 5)__kt2 , train loss: 0.22672787841920758 , validation loss: 0.5031606439621218
epoch 64   lr1e-4_bs64_nh64_ra1e-5_dp0.1_wd1e-6_ah1_ck(1 3 5)__kt2 , train loss: 0.22631762030662275 , validation loss: 0.4988727867603302
epoch 65   lr1e-4_bs64_nh64_ra1e-5_dp0.1_wd1e-6_ah1_ck(1 3 5)__kt2 , train loss: 0.22601378796731725 , validation loss: 0.5173818334456413
epoch 66   lr1e-4_bs64_nh64_ra1e-5_dp0.1_wd1e-6_ah1_ck(1 3 5)__kt2 , train loss: 0.2256398447150109 , validation loss: 0.5021172983031119
epoch 67   lr1e-4_bs64_nh64_ra1e-5_dp0.1_wd1e-6_ah1_ck(1 3 5)__kt2 , train loss: 0.2253267830785583 , validation loss: 0.4917374945455982
epoch 68   lr1e-4_bs64_nh64_ra1e-5_dp0.1_wd1e-6_ah1_ck(1 3 5)__kt2 , train loss: 0.22509163669219204 , validation loss: 0.5003440928074622
epoch 69   lr1e-4_bs64_nh64_ra1e-5_dp0.1_wd1e-6_ah1_ck(1 3 5)__kt2 , train loss: 0.22468614811990775 , validation loss: 0.5010799525245544
epoch 70   lr1e-4_bs64_nh64_ra1e-5_dp0.1_wd1e-6_ah1_ck(1 3 5)__kt2 , train loss: 0.22448367859218635 , validation loss: 0.49500349644691716
epoch 71   lr1e-4_bs64_nh64_ra1e-5_dp0.1_wd1e-6_ah1_ck(1 3 5)__kt2 , train loss: 0.22410008245531252 , validation loss: 0.5052960668840716
epoch 72   lr1e-4_bs64_nh64_ra1e-5_dp0.1_wd1e-6_ah1_ck(1 3 5)__kt2 , train loss: 0.22388887960536807 , validation loss: 0.5013906244308718
epoch 73   lr1e-4_bs64_nh64_ra1e-5_dp0.1_wd1e-6_ah1_ck(1 3 5)__kt2 , train loss: 0.22370194833652646 , validation loss: 0.5012816767538747
epoch 74   lr1e-4_bs64_nh64_ra1e-5_dp0.1_wd1e-6_ah1_ck(1 3 5)__kt2 , train loss: 0.22346215249568807 , validation loss: 0.5101402123128215
epoch 75   lr1e-4_bs64_nh64_ra1e-5_dp0.1_wd1e-6_ah1_ck(1 3 5)__kt2 , train loss: 0.22319109547956317 , validation loss: 0.5100359560981873
epoch 76   lr1e-4_bs64_nh64_ra1e-5_dp0.1_wd1e-6_ah1_ck(1 3 5)__kt2 , train loss: 0.22297804788047193 , validation loss: 0.4966600960300815
epoch 77   lr1e-4_bs64_nh64_ra1e-5_dp0.1_wd1e-6_ah1_ck(1 3 5)__kt2 , train loss: 0.22265537433764515 , validation loss: 0.5024221366451632
epoch 78   lr1e-4_bs64_nh64_ra1e-5_dp0.1_wd1e-6_ah1_ck(1 3 5)__kt2 , train loss: 0.22244609972717716 , validation loss: 0.49768972589123633
epoch 79   lr1e-4_bs64_nh64_ra1e-5_dp0.1_wd1e-6_ah1_ck(1 3 5)__kt2 , train loss: 0.22222689458844708 , validation loss: 0.4922001361846924
epoch 80   lr1e-4_bs64_nh64_ra1e-5_dp0.1_wd1e-6_ah1_ck(1 3 5)__kt2 , train loss: 0.2221404851651659 , validation loss: 0.5028375252600639
epoch 81   lr1e-4_bs64_nh64_ra1e-5_dp0.1_wd1e-6_ah1_ck(1 3 5)__kt2 , train loss: 0.22181001612368753 , validation loss: 0.5041332850533147
epoch 82   lr1e-4_bs64_nh64_ra1e-5_dp0.1_wd1e-6_ah1_ck(1 3 5)__kt2 , train loss: 0.22154095396399498 , validation loss: 0.494596887980738
epoch 83   lr1e-4_bs64_nh64_ra1e-5_dp0.1_wd1e-6_ah1_ck(1 3 5)__kt2 , train loss: 0.2214023909148048 , validation loss: 0.5084285543810937
epoch 84   lr1e-4_bs64_nh64_ra1e-5_dp0.1_wd1e-6_ah1_ck(1 3 5)__kt2 , train loss: 0.22120430393546237 , validation loss: 0.49906453297984216
epoch 85   lr1e-4_bs64_nh64_ra1e-5_dp0.1_wd1e-6_ah1_ck(1 3 5)__kt2 , train loss: 0.2209241862828825 , validation loss: 0.5110721491998241
epoch 86   lr1e-4_bs64_nh64_ra1e-5_dp0.1_wd1e-6_ah1_ck(1 3 5)__kt2 , train loss: 0.22070400314588173 , validation loss: 0.4969519078731537
epoch 87   lr1e-4_bs64_nh64_ra1e-5_dp0.1_wd1e-6_ah1_ck(1 3 5)__kt2 , train loss: 0.22055349944561137 , validation loss: 0.5063346432101342
epoch 88   lr1e-4_bs64_nh64_ra1e-5_dp0.1_wd1e-6_ah1_ck(1 3 5)__kt2 , train loss: 0.22041301991717488 , validation loss: 0.5019952741361433
epoch 89   lr1e-4_bs64_nh64_ra1e-5_dp0.1_wd1e-6_ah1_ck(1 3 5)__kt2 , train loss: 0.22034238760962205 , validation loss: 0.49757645591612787
epoch 90   lr1e-4_bs64_nh64_ra1e-5_dp0.1_wd1e-6_ah1_ck(1 3 5)__kt2 , train loss: 0.2200316465368458 , validation loss: 0.4909523485168334
epoch 91   lr1e-4_bs64_nh64_ra1e-5_dp0.1_wd1e-6_ah1_ck(1 3 5)__kt2 , train loss: 0.21988074861320794 , validation loss: 0.4962600709930543
epoch 92   lr1e-4_bs64_nh64_ra1e-5_dp0.1_wd1e-6_ah1_ck(1 3 5)__kt2 , train loss: 0.21969671744634123 , validation loss: 0.5081177238495119
epoch 93   lr1e-4_bs64_nh64_ra1e-5_dp0.1_wd1e-6_ah1_ck(1 3 5)__kt2 , train loss: 0.21943394810545677 , validation loss: 0.48860950143106524
epoch 94   lr1e-4_bs64_nh64_ra1e-5_dp0.1_wd1e-6_ah1_ck(1 3 5)__kt2 , train loss: 0.21931326469662143 , validation loss: 0.49376819402940814
epoch 95   lr1e-4_bs64_nh64_ra1e-5_dp0.1_wd1e-6_ah1_ck(1 3 5)__kt2 , train loss: 0.2191402101341416 , validation loss: 0.48691834365167924
epoch 96   lr1e-4_bs64_nh64_ra1e-5_dp0.1_wd1e-6_ah1_ck(1 3 5)__kt2 , train loss: 0.21905349348397815 , validation loss: 0.5007081310595235
tensor(14.4804, device='cuda:0')
MAE: [0.282777004943072, 0.35787145550539357, 0.39775501400101687, 0.42754500944544743, 0.4675940045677609, 0.48237109862090777, 0.5008402940762265, 0.5083157295204409, 0.558202143757471, 0.5818909264933076, 0.5826387184231796, 0.5832094898822826, 0.6096244501598276, 0.6137740111174183, 0.6262905921669595, 0.6199006719116074, 0.6449265384504015, 0.6569460184144509, 0.6504549982806596, 0.6549600269921221, 0.6641089744049717, 0.6578669560616595, 0.6607596175834634, 0.6544099840909823, 0.6690262028118958, 0.6698617196619123, 0.670721344121623, 0.6758498537921189, 0.6883897963536589, 0.6852852793044665, 0.6889704403182032, 0.6864484041986818] , MAPE: [-0.0067058537577630965, 0.031368986664427445, -0.04005482812956894, 0.011008463119855086, -0.015527449931405854, -0.06544636819076097, -0.050699167515808684, -0.06754159626944564, -0.06359320559282484, -0.18419765743517388, -0.0690650859452586, -0.03697223237892855, -0.0701022115113438, -0.054605475275180275, -0.03779604942726289, -0.05554660736966021, -0.07481532323048314, -0.045564422221772594, -0.09273814997758888, -0.013547527483004515, -0.04685194349022848, -0.07056343770841539, -0.12710797540942384, -0.12827915822316394, -0.08873793239330467, -0.131649950436537, -0.09851644953101943, -0.03801854329093639, -0.0744497396322521, -0.11486411226681136, -0.08680240785132609, -0.13334140735373937] %, RMSE: [0.656571933039617, 0.7273046253537593, 0.7834403250509265, 0.8178337749062949, 0.8577015974505727, 0.8720244395189256, 0.9017953623685572, 0.9125967956158897, 0.9620798084745307, 0.9775971212869536, 0.9862773786349354, 0.9848776955865821, 1.0143196943309483, 1.0143197975661682, 1.0287143911102299, 1.0271827391983863, 1.0561650890370773, 1.0673698569072065, 1.0651909722599404, 1.0746695955669305, 1.086275730639094, 1.0772350450124757, 1.0861168338164309, 1.0902565325073013, 1.1100433234048204, 1.1165977808111933, 1.122075297392179, 1.13017971375226, 1.147046907377306, 1.1498793753622303, 1.1535249142934616, 1.1604767595882344]
epoch 97   lr1e-4_bs64_nh64_ra1e-5_dp0.1_wd1e-6_ah1_ck(1 3 5)__kt2 , train loss: 0.21884568473872015 , validation loss: 0.4956338915132707
tensor(14.2590, device='cuda:0')
MAE: [0.2761813550023483, 0.35800350655283925, 0.3939648451512897, 0.42409215390875743, 0.4577899028133199, 0.47627375698114394, 0.4954179576755344, 0.4926341125252233, 0.537463031319853, 0.5633722947897607, 0.5716866783319985, 0.5837402183053797, 0.6038537368558456, 0.6199034804342339, 0.63417737535963, 0.6268330092483817, 0.6460297874773477, 0.6578492208144011, 0.65786086925811, 0.6572447548225135, 0.6632156940952136, 0.6698433094556843, 0.6721606977081724, 0.6605883531301682, 0.6724916100072397, 0.6744989620836137, 0.6718537638842479, 0.6700543793135069, 0.6781407804083708, 0.6795262485550982, 0.6799673724086931, 0.6750330277161262] , MAPE: [-0.003953009423704888, 0.04168730571553056, -0.029247706288236152, 0.017059877627585145, 0.011428345113814808, -0.06195081690943882, -0.05052893064261945, -0.07485953962052291, -0.06185683319083711, -0.16853930915035414, -0.07071803431359971, -0.040354931557602995, -0.04671888261398911, -0.07035033117831524, -0.06114903692491564, -0.06857567937835678, -0.08506522853332386, -0.04833830269536996, -0.10301076714232335, 0.001194746739988978, -0.027689829409712954, -0.06574646051253559, -0.14415412799799784, -0.1346755030250287, -0.07949828763731775, -0.11677836502652937, -0.0920115622224909, -0.02397998061215591, -0.06171330284876499, -0.10495569894032163, -0.06424924903856337, -0.10601138968740298] %, RMSE: [0.6500363916599787, 0.741035706732564, 0.783067112855994, 0.819606438203586, 0.8552855710812746, 0.8723394781411449, 0.8956474353841131, 0.890574134513496, 0.9390146619150769, 0.9629506436585287, 0.9773473197995542, 0.99141672191684, 1.0137928104109997, 1.025845377973285, 1.0381663673463877, 1.0342370591278027, 1.0585384725938198, 1.0737079646130518, 1.0762101442705427, 1.0809466102216008, 1.0917582212616992, 1.0978481446778738, 1.10142442318479, 1.0985722195678633, 1.118760899953564, 1.1315644995106657, 1.1293140487358602, 1.130899774072063, 1.1434856789466474, 1.1519841943963585, 1.152106627743085, 1.154490034392228]
epoch 98   lr1e-4_bs64_nh64_ra1e-5_dp0.1_wd1e-6_ah1_ck(1 3 5)__kt2 , train loss: 0.21864997529808214 , validation loss: 0.48772822176256486
tensor(14.0594, device='cuda:0')
MAE: [0.27381209038793075, 0.35355747306937135, 0.39113553545774, 0.4154267709136203, 0.44931527195856363, 0.46827220240075673, 0.48181619499169, 0.48693337815801624, 0.5227658600218159, 0.5465137590632665, 0.5532894312614671, 0.5581745521179461, 0.5779299835192112, 0.5936892204622363, 0.5972904568562502, 0.5971620663929876, 0.613054909290383, 0.6335909849631467, 0.6348760577402767, 0.6361795575267019, 0.6452010951997205, 0.6504491069417495, 0.6518346744002169, 0.6457393889528905, 0.6536144659135781, 0.6571464273750105, 0.6566170946736034, 0.6639529490479473, 0.6722219495694456, 0.6719206970538218, 0.6710979543799026, 0.667187044423509] , MAPE: [-0.013656165480761885, 0.035006263989396526, -0.04386246628020816, 0.025274212645368395, 0.022069888319229066, -0.044783137078850684, -0.038038954528663876, -0.08099794800984601, -0.06917500024835932, -0.16435552516326718, -0.06492130313023947, -0.041324098148894026, -0.07691743276924243, -0.0731675715521973, -0.03212753565323295, -0.06420561228902041, -0.08248721939276597, -0.01650457263081153, -0.07424052623344295, 0.02421571602739386, -0.017073439820208702, -0.05196575292164377, -0.11096617706850152, -0.10516206574271125, -0.06310309417240847, -0.1162839923864, -0.07472472598579467, -0.00020534160157439582, -0.05271083014157042, -0.125881534148921, -0.07853020926483781, -0.13043029868262956] %, RMSE: [0.6451267754149469, 0.728991489927216, 0.780219777402829, 0.811698596187563, 0.8508224528752054, 0.8651992272948931, 0.8878153739666577, 0.8945548661649277, 0.9278540835866207, 0.9460830804672115, 0.957624988407669, 0.9627316457776779, 0.9862258513236809, 1.0029620083852318, 1.002580245912877, 1.0102026494850844, 1.0313878020848062, 1.055364232528465, 1.0619037396982514, 1.06644051311181, 1.079280178986687, 1.08320836550881, 1.0865915111690398, 1.0905543348357123, 1.104894382576815, 1.1163402870202876, 1.1169262766214536, 1.125385451985016, 1.1375998509950915, 1.1421217441603577, 1.1390932961832632, 1.145108282256817]
epoch 99   lr1e-4_bs64_nh64_ra1e-5_dp0.1_wd1e-6_ah1_ck(1 3 5)__kt2 , train loss: 0.2185003994872757 , validation loss: 0.4943022776034571
tensor(13.8814, device='cuda:0')
MAE: [0.2711204375127306, 0.344025574109892, 0.3862958982321978, 0.41977217680859297, 0.45710933248257846, 0.47009249364876177, 0.488975182416619, 0.48931858528441713, 0.5288210966047383, 0.5538174295966308, 0.5673423504544446, 0.58194480381571, 0.5985836139174735, 0.6080597948443096, 0.6229330883532666, 0.6117185661777637, 0.6283552929190556, 0.6348889487706996, 0.6383355421207773, 0.6454317102612952, 0.649096468626582, 0.6507742053441122, 0.6522246500607035, 0.6442326583536705, 0.6522104150929501, 0.6497302879605733, 0.6555115953470012, 0.6631265572809626, 0.6711869171038028, 0.6702145140763227, 0.670051684757622, 0.6660827422844996] , MAPE: [-0.006847680794911961, 0.03484684721284754, -0.031013755557449847, 0.013266420933807288, -0.004035230834769197, -0.06736864178968159, -0.03944253566243074, -0.06945798944846787, -0.06695221654269595, -0.17490819816303566, -0.06296256554360402, -0.021283295089594586, -0.033989456730671455, -0.04717849789209386, -0.02456986367321224, -0.022087107398349695, -0.057302660397842244, -0.01120250260954075, -0.04996576576389337, 0.019406936049361015, -0.006685742912229204, -0.026024755174461556, -0.0703670460627378, -0.09016687378270741, -0.05144358875057014, -0.08925744942492918, -0.0460111044119974, -0.009951240849918943, -0.035073074991528855, -0.07456438616575471, -0.03839635636190625, -0.08824746398097756] %, RMSE: [0.6427752987382815, 0.7172446793163616, 0.7802841278158104, 0.8213885500564594, 0.858667470304632, 0.8666187964591006, 0.8958765333256425, 0.8953486502671925, 0.9324369491237084, 0.9511103868978096, 0.9780071549631042, 0.996137622800523, 1.011600234462129, 1.016913217572362, 1.0330261941252443, 1.0264838826352238, 1.0452336800904032, 1.0532153137487978, 1.0641007994583773, 1.076224745623042, 1.0831320920622243, 1.0851096637942341, 1.090081596546211, 1.0943866916349436, 1.107379877183146, 1.1123928873397824, 1.1228348809412532, 1.1344154082757485, 1.1440982661397405, 1.1479745938084314, 1.1486978727164838, 1.153159109706035]
test loss: NIL 
MAE: [0.2711204375127306, 0.344025574109892, 0.3862958982321978, 0.41977217680859297, 0.45710933248257846, 0.47009249364876177, 0.488975182416619, 0.48931858528441713, 0.5288210966047383, 0.5538174295966308, 0.5673423504544446, 0.58194480381571, 0.5985836139174735, 0.6080597948443096, 0.6229330883532666, 0.6117185661777637, 0.6283552929190556, 0.6348889487706996, 0.6383355421207773, 0.6454317102612952, 0.649096468626582, 0.6507742053441122, 0.6522246500607035, 0.6442326583536705, 0.6522104150929501, 0.6497302879605733, 0.6555115953470012, 0.6631265572809626, 0.6711869171038028, 0.6702145140763227, 0.670051684757622, 0.6660827422844996] , MAPE: [-0.006847680794911961, 0.03484684721284754, -0.031013755557449847, 0.013266420933807288, -0.004035230834769197, -0.06736864178968159, -0.03944253566243074, -0.06945798944846787, -0.06695221654269595, -0.17490819816303566, -0.06296256554360402, -0.021283295089594586, -0.033989456730671455, -0.04717849789209386, -0.02456986367321224, -0.022087107398349695, -0.057302660397842244, -0.01120250260954075, -0.04996576576389337, 0.019406936049361015, -0.006685742912229204, -0.026024755174461556, -0.0703670460627378, -0.09016687378270741, -0.05144358875057014, -0.08925744942492918, -0.0460111044119974, -0.009951240849918943, -0.035073074991528855, -0.07456438616575471, -0.03839635636190625, -0.08824746398097756] %, RMSE: [0.6427752987382815, 0.7172446793163616, 0.7802841278158104, 0.8213885500564594, 0.858667470304632, 0.8666187964591006, 0.8958765333256425, 0.8953486502671925, 0.9324369491237084, 0.9511103868978096, 0.9780071549631042, 0.996137622800523, 1.011600234462129, 1.016913217572362, 1.0330261941252443, 1.0264838826352238, 1.0452336800904032, 1.0532153137487978, 1.0641007994583773, 1.076224745623042, 1.0831320920622243, 1.0851096637942341, 1.090081596546211, 1.0943866916349436, 1.107379877183146, 1.1123928873397824, 1.1228348809412532, 1.1344154082757485, 1.1440982661397405, 1.1479745938084314, 1.1486978727164838, 1.153159109706035]
====================
training elapsedd with 1253.00 seconds for 100 iterations, the sec/iter = 12.53

MAE_mean: [0.27112044 0.34402557 0.3862959  0.41977218 0.45710933 0.47009249
 0.48897518 0.48931859 0.5288211  0.55381743 0.56734235 0.5819448
 0.59858361 0.60805979 0.62293309 0.61171857 0.62835529 0.63488895
 0.63833554 0.64543171 0.64909647 0.65077421 0.65222465 0.64423266
 0.65221042 0.64973029 0.6555116  0.66312656 0.67118692 0.67021451
 0.67005168 0.66608274] , MAPE_mean: [-0.00684768  0.03484685 -0.03101376  0.01326642 -0.00403523 -0.06736864
 -0.03944254 -0.06945799 -0.06695222 -0.1749082  -0.06296257 -0.0212833
 -0.03398946 -0.0471785  -0.02456986 -0.02208711 -0.05730266 -0.0112025
 -0.04996577  0.01940694 -0.00668574 -0.02602476 -0.07036705 -0.09016687
 -0.05144359 -0.08925745 -0.0460111  -0.00995124 -0.03507307 -0.07456439
 -0.03839636 -0.08824746] , RMSE_mean: [0.6427753  0.71724468 0.78028413 0.82138855 0.85866747 0.8666188
 0.89587653 0.89534865 0.93243695 0.95111039 0.97800715 0.99613762
 1.01160023 1.01691322 1.03302619 1.02648388 1.04523368 1.05321531
 1.0641008  1.07622475 1.08313209 1.08510966 1.0900816  1.09438669
 1.10737988 1.11239289 1.12283488 1.13441541 1.14409827 1.14797459
 1.14869787 1.15315911]

MAE_std: [nan nan nan nan nan nan nan nan nan nan nan nan nan nan nan nan nan nan
 nan nan nan nan nan nan nan nan nan nan nan nan nan nan] , MAPE_std: [nan nan nan nan nan nan nan nan nan nan nan nan nan nan nan nan nan nan
 nan nan nan nan nan nan nan nan nan nan nan nan nan nan] , RMSE_std: [nan nan nan nan nan nan nan nan nan nan nan nan nan nan nan nan nan nan
 nan nan nan nan nan nan nan nan nan nan nan nan nan nan]
Finished training with: lr1e-4_bs64_nh64_ra1e-5_dp0.1_wd1e-6_ah1_ck(1 3 5)__kt2
2025-03-13 21:14:38.348720: I tensorflow/core/platform/cpu_feature_guard.cc:182] This TensorFlow binary is optimized to use available CPU instructions in performance-critical operations.
To enable the following instructions: AVX2 FMA, in other operations, rebuild TensorFlow with the appropriate compiler flags.
2025-03-13 21:14:40.592682: W tensorflow/compiler/tf2tensorrt/utils/py_utils.cc:38] TF-TRT Warning: Could not find TensorRT
Is CUDA available?  True
Current CUDA device:  0
CUDA device name:  NVIDIA GeForce RTX 4090
Number of GPUs:  1
The input graph is a 0/1 matrix; set "scaling" to False.
user config:
seed 666
device 0
scaler StandardScaler()
day_slot 576
n_route 10
n_his 96
n_pred 96
n_train 34
n_val 5
n_test 5
mode 1
n_c 10
model STAGNN_stamp
TPG TPGNN
name lr1e-3_bs64_nh256_ra1e-4_dp0.3_wd1e-4_ah1_ck(1 3 5)__kt6
log_path log/TPGNN_r05p02kt3outer_478
crash 478
new_name TPGNN_r05p02kt3outer_478
batch_size 64
lr 0.001
a 0.1
r 0.5
n_mask 1
adam {'use': True, 'weight_decay': 0.0001}
slr {'use': True, 'step_size': 400, 'gamma': 0.3}
resume False
start_epoch 0
epochs 100
n_layer 1
n_attr 64
n_hid 256
reg_A 0.0001
circle 288
drop_prob 0.3
CE {'use': True, 'kernel_size': 1, 'bias': False}
LE {'use': False, 'bias': False}
SE {'use': True, 'separate': True, 'no': False}
TE {'use': True, 'no': True}
attn {'head': 1, 'd_k': 32, 'd_v': 32, 'drop_prob': 0.2}
STstamp {'use': True, 'kt': 3, 'temperature': 1.0}
T4N {'use': True, 'step': 2, 'end_epoch': 10000, 'change_head': True, 'change_enc': True}
stamp_path /mnt/webscistorage/cc7738/ws_joella/EnergyTSF/TPGNN/datasets/time_stamp_F_96_R_0301.npy
data_path /mnt/webscistorage/cc7738/ws_joella/EnergyTSF/TPGNN/datasets/V_France_processed_0.csv
adj_matrix_path /mnt/webscistorage/cc7738/ws_joella/EnergyTSF/TPGNN/datasets/F_granger_causality_matri.csv
dis_mat tensor([[0., 1., 1., 0., 1., 0., 1., 1., 1., 1.],
        [1., 0., 1., 1., 1., 1., 1., 1., 1., 1.],
        [1., 1., 0., 1., 1., 1., 1., 1., 1., 1.],
        [1., 1., 1., 0., 1., 1., 1., 1., 1., 1.],
        [1., 1., 1., 1., 0., 1., 1., 1., 1., 1.],
        [1., 1., 1., 1., 1., 0., 1., 1., 1., 1.],
        [1., 1., 1., 1., 1., 1., 0., 1., 1., 1.],
        [1., 1., 1., 1., 1., 1., 1., 0., 1., 1.],
        [1., 1., 1., 1., 1., 1., 1., 1., 0., 1.],
        [1., 1., 1., 1., 1., 1., 1., 1., 1., 0.]], device='cuda:0')
prefix log/lr1e-3_bs64_nh256_ra1e-4_dp0.3_wd1e-4_ah1_ck(1 3 5)__kt6/
checkpoint_temp_path log/lr1e-3_bs64_nh256_ra1e-4_dp0.3_wd1e-4_ah1_ck(1 3 5)__kt6//temp.pth
checkpoint_best_path log/lr1e-3_bs64_nh256_ra1e-4_dp0.3_wd1e-4_ah1_ck(1 3 5)__kt6//best.pth
tensorboard_path log/lr1e-3_bs64_nh256_ra1e-4_dp0.3_wd1e-4_ah1_ck(1 3 5)__kt6/
record_path log/lr1e-3_bs64_nh256_ra1e-4_dp0.3_wd1e-4_ah1_ck(1 3 5)__kt6/record.txt
eps 0.1
parse <bound method DefaultConfig.parse of <config.DefaultConfig object at 0x7f3ca25d5550>>
output <bound method DefaultConfig.output of <config.DefaultConfig object at 0x7f3ca25d5550>>
train: True, day_slot: 576, n_his: 96, n_pred: 96, T4N_step: 2
n_slot (calculated): 9792
len(data): 19584, day_slot: 576, n_day: 34
train: False, day_slot: 576, n_his: 96, n_pred: 96, T4N_step: 2
n_slot (calculated): 1440
len(data): 2880, day_slot: 576, n_day: 5
train: False, day_slot: 576, n_his: 96, n_pred: 96, T4N_step: 2
n_slot (calculated): 1440
len(data): 2880, day_slot: 576, n_day: 5
10 10
epoch 0   lr1e-3_bs64_nh256_ra1e-4_dp0.3_wd1e-4_ah1_ck(1 3 5)__kt6 , train loss: 0.6366405786544669 , validation loss: 0.7884119537568861
epoch 1   lr1e-3_bs64_nh256_ra1e-4_dp0.3_wd1e-4_ah1_ck(1 3 5)__kt6 , train loss: 0.43171574788935047 , validation loss: 0.6311927101304454
epoch 2   lr1e-3_bs64_nh256_ra1e-4_dp0.3_wd1e-4_ah1_ck(1 3 5)__kt6 , train loss: 0.34667603057973523 , validation loss: 0.5915196960972201
epoch 3   lr1e-3_bs64_nh256_ra1e-4_dp0.3_wd1e-4_ah1_ck(1 3 5)__kt6 , train loss: 0.3079953070949106 , validation loss: 0.5725206732749939
epoch 4   lr1e-3_bs64_nh256_ra1e-4_dp0.3_wd1e-4_ah1_ck(1 3 5)__kt6 , train loss: 0.28470463729372214 , validation loss: 0.5735724337639347
epoch 5   lr1e-3_bs64_nh256_ra1e-4_dp0.3_wd1e-4_ah1_ck(1 3 5)__kt6 , train loss: 0.26958441537092714 , validation loss: 0.6476003162322506
epoch 6   lr1e-3_bs64_nh256_ra1e-4_dp0.3_wd1e-4_ah1_ck(1 3 5)__kt6 , train loss: 0.25922831367043886 , validation loss: 0.6309472399373208
epoch 7   lr1e-3_bs64_nh256_ra1e-4_dp0.3_wd1e-4_ah1_ck(1 3 5)__kt6 , train loss: 0.25209642040963265 , validation loss: 0.6273112758513419
epoch 8   lr1e-3_bs64_nh256_ra1e-4_dp0.3_wd1e-4_ah1_ck(1 3 5)__kt6 , train loss: 0.2461465728633544 , validation loss: 0.5797646968595443
epoch 9   lr1e-3_bs64_nh256_ra1e-4_dp0.3_wd1e-4_ah1_ck(1 3 5)__kt6 , train loss: 0.24187277703016413 , validation loss: 0.529930216650809
epoch 10   lr1e-3_bs64_nh256_ra1e-4_dp0.3_wd1e-4_ah1_ck(1 3 5)__kt6 , train loss: 0.2385672066433757 , validation loss: 0.5821956588375953
epoch 11   lr1e-3_bs64_nh256_ra1e-4_dp0.3_wd1e-4_ah1_ck(1 3 5)__kt6 , train loss: 0.23564491647423483 , validation loss: 0.5090040997151406
epoch 12   lr1e-3_bs64_nh256_ra1e-4_dp0.3_wd1e-4_ah1_ck(1 3 5)__kt6 , train loss: 0.23326638114510798 , validation loss: 0.5894205272197723
epoch 13   lr1e-3_bs64_nh256_ra1e-4_dp0.3_wd1e-4_ah1_ck(1 3 5)__kt6 , train loss: 0.23140954058252128 , validation loss: 0.6577383145209281
epoch 14   lr1e-3_bs64_nh256_ra1e-4_dp0.3_wd1e-4_ah1_ck(1 3 5)__kt6 , train loss: 0.2292866982227447 , validation loss: 0.5891032988025297
epoch 15   lr1e-3_bs64_nh256_ra1e-4_dp0.3_wd1e-4_ah1_ck(1 3 5)__kt6 , train loss: 0.22834221989500755 , validation loss: 0.5779516398906708
epoch 16   lr1e-3_bs64_nh256_ra1e-4_dp0.3_wd1e-4_ah1_ck(1 3 5)__kt6 , train loss: 0.22634710050096699 , validation loss: 0.5571227544738401
epoch 17   lr1e-3_bs64_nh256_ra1e-4_dp0.3_wd1e-4_ah1_ck(1 3 5)__kt6 , train loss: 0.2257615010820183 , validation loss: 0.555462166186302
epoch 18   lr1e-3_bs64_nh256_ra1e-4_dp0.3_wd1e-4_ah1_ck(1 3 5)__kt6 , train loss: 0.22352585284148946 , validation loss: 0.5784762559398529
epoch 19   lr1e-3_bs64_nh256_ra1e-4_dp0.3_wd1e-4_ah1_ck(1 3 5)__kt6 , train loss: 0.2227056304759839 , validation loss: 0.6300584414312916
epoch 20   lr1e-3_bs64_nh256_ra1e-4_dp0.3_wd1e-4_ah1_ck(1 3 5)__kt6 , train loss: 0.22177745036634744 , validation loss: 0.4825023518454644
epoch 21   lr1e-3_bs64_nh256_ra1e-4_dp0.3_wd1e-4_ah1_ck(1 3 5)__kt6 , train loss: 0.22115071651105786 , validation loss: 0.4987009023466418
epoch 22   lr1e-3_bs64_nh256_ra1e-4_dp0.3_wd1e-4_ah1_ck(1 3 5)__kt6 , train loss: 0.22057046777769632 , validation loss: 0.585595085736244
epoch 23   lr1e-3_bs64_nh256_ra1e-4_dp0.3_wd1e-4_ah1_ck(1 3 5)__kt6 , train loss: 0.21884645492422813 , validation loss: 0.5652059566590094
epoch 24   lr1e-3_bs64_nh256_ra1e-4_dp0.3_wd1e-4_ah1_ck(1 3 5)__kt6 , train loss: 0.21819145553836636 , validation loss: 0.48851042505233516
epoch 25   lr1e-3_bs64_nh256_ra1e-4_dp0.3_wd1e-4_ah1_ck(1 3 5)__kt6 , train loss: 0.21765491643957063 , validation loss: 0.51978799700737
epoch 26   lr1e-3_bs64_nh256_ra1e-4_dp0.3_wd1e-4_ah1_ck(1 3 5)__kt6 , train loss: 0.21700550535438107 , validation loss: 0.5259742371497615
epoch 27   lr1e-3_bs64_nh256_ra1e-4_dp0.3_wd1e-4_ah1_ck(1 3 5)__kt6 , train loss: 0.21743369051346592 , validation loss: 0.5214536843761322
epoch 28   lr1e-3_bs64_nh256_ra1e-4_dp0.3_wd1e-4_ah1_ck(1 3 5)__kt6 , train loss: 0.21530877119478056 , validation loss: 0.5410275728471817
epoch 29   lr1e-3_bs64_nh256_ra1e-4_dp0.3_wd1e-4_ah1_ck(1 3 5)__kt6 , train loss: 0.215044549575039 , validation loss: 0.4932580080724532
epoch 30   lr1e-3_bs64_nh256_ra1e-4_dp0.3_wd1e-4_ah1_ck(1 3 5)__kt6 , train loss: 0.2159867624149603 , validation loss: 0.5312576293945312
epoch 31   lr1e-3_bs64_nh256_ra1e-4_dp0.3_wd1e-4_ah1_ck(1 3 5)__kt6 , train loss: 0.21315608516919846 , validation loss: 0.6179847342352713
epoch 32   lr1e-3_bs64_nh256_ra1e-4_dp0.3_wd1e-4_ah1_ck(1 3 5)__kt6 , train loss: 0.21305832807339875 , validation loss: 0.6411200108066681
epoch 33   lr1e-3_bs64_nh256_ra1e-4_dp0.3_wd1e-4_ah1_ck(1 3 5)__kt6 , train loss: 0.2125820826519938 , validation loss: 0.49936911559874014
epoch 34   lr1e-3_bs64_nh256_ra1e-4_dp0.3_wd1e-4_ah1_ck(1 3 5)__kt6 , train loss: 0.2151087141942744 , validation loss: 0.49767871633652716
epoch 35   lr1e-3_bs64_nh256_ra1e-4_dp0.3_wd1e-4_ah1_ck(1 3 5)__kt6 , train loss: 0.2105021370830489 , validation loss: 0.4989441998543278
epoch 36   lr1e-3_bs64_nh256_ra1e-4_dp0.3_wd1e-4_ah1_ck(1 3 5)__kt6 , train loss: 0.21034983567455234 , validation loss: 0.6364016032988026
epoch 37   lr1e-3_bs64_nh256_ra1e-4_dp0.3_wd1e-4_ah1_ck(1 3 5)__kt6 , train loss: 0.21035340516006246 , validation loss: 0.5084219132700274
epoch 38   lr1e-3_bs64_nh256_ra1e-4_dp0.3_wd1e-4_ah1_ck(1 3 5)__kt6 , train loss: 0.20968872652042145 , validation loss: 0.513716415051491
epoch 39   lr1e-3_bs64_nh256_ra1e-4_dp0.3_wd1e-4_ah1_ck(1 3 5)__kt6 , train loss: 0.20936106707827717 , validation loss: 0.5063435637181805
epoch 40   lr1e-3_bs64_nh256_ra1e-4_dp0.3_wd1e-4_ah1_ck(1 3 5)__kt6 , train loss: 0.20850032180839895 , validation loss: 0.4838069340875072
epoch 41   lr1e-3_bs64_nh256_ra1e-4_dp0.3_wd1e-4_ah1_ck(1 3 5)__kt6 , train loss: 0.20797160567314016 , validation loss: 0.5307037888034698
epoch 42   lr1e-3_bs64_nh256_ra1e-4_dp0.3_wd1e-4_ah1_ck(1 3 5)__kt6 , train loss: 0.20760316021886527 , validation loss: 0.5013525928220441
epoch 43   lr1e-3_bs64_nh256_ra1e-4_dp0.3_wd1e-4_ah1_ck(1 3 5)__kt6 , train loss: 0.2068216304714773 , validation loss: 0.4808893943986585
epoch 44   lr1e-3_bs64_nh256_ra1e-4_dp0.3_wd1e-4_ah1_ck(1 3 5)__kt6 , train loss: 0.20686953441769468 , validation loss: 0.5090263485908508
epoch 45   lr1e-3_bs64_nh256_ra1e-4_dp0.3_wd1e-4_ah1_ck(1 3 5)__kt6 , train loss: 0.20706215245174428 , validation loss: 0.4617110413889731
epoch 46   lr1e-3_bs64_nh256_ra1e-4_dp0.3_wd1e-4_ah1_ck(1 3 5)__kt6 , train loss: 0.2060293772203081 , validation loss: 0.46137365602677866
epoch 47   lr1e-3_bs64_nh256_ra1e-4_dp0.3_wd1e-4_ah1_ck(1 3 5)__kt6 , train loss: 0.20556688169930495 , validation loss: 0.6049793968277593
epoch 48   lr1e-3_bs64_nh256_ra1e-4_dp0.3_wd1e-4_ah1_ck(1 3 5)__kt6 , train loss: 0.20452016051493438 , validation loss: 0.4732602978906324
epoch 49   lr1e-3_bs64_nh256_ra1e-4_dp0.3_wd1e-4_ah1_ck(1 3 5)__kt6 , train loss: 0.20402857573593364 , validation loss: 0.47754476724132416
epoch 50   lr1e-3_bs64_nh256_ra1e-4_dp0.3_wd1e-4_ah1_ck(1 3 5)__kt6 , train loss: 0.2042012546284526 , validation loss: 0.6083594974010221
epoch 51   lr1e-3_bs64_nh256_ra1e-4_dp0.3_wd1e-4_ah1_ck(1 3 5)__kt6 , train loss: 0.20355309830868945 , validation loss: 0.4759034379836052
epoch 52   lr1e-3_bs64_nh256_ra1e-4_dp0.3_wd1e-4_ah1_ck(1 3 5)__kt6 , train loss: 0.2035387318362208 , validation loss: 0.4806309082815724
epoch 53   lr1e-3_bs64_nh256_ra1e-4_dp0.3_wd1e-4_ah1_ck(1 3 5)__kt6 , train loss: 0.20356819230843992 , validation loss: 0.4555323989160599
epoch 54   lr1e-3_bs64_nh256_ra1e-4_dp0.3_wd1e-4_ah1_ck(1 3 5)__kt6 , train loss: 0.20257116364789943 , validation loss: 0.47978396473392365
epoch 55   lr1e-3_bs64_nh256_ra1e-4_dp0.3_wd1e-4_ah1_ck(1 3 5)__kt6 , train loss: 0.20248438856180975 , validation loss: 0.4710061473231162
epoch 56   lr1e-3_bs64_nh256_ra1e-4_dp0.3_wd1e-4_ah1_ck(1 3 5)__kt6 , train loss: 0.20298267301975512 , validation loss: 0.4570052767953565
epoch 57   lr1e-3_bs64_nh256_ra1e-4_dp0.3_wd1e-4_ah1_ck(1 3 5)__kt6 , train loss: 0.20212488285466737 , validation loss: 0.4415328214245458
epoch 58   lr1e-3_bs64_nh256_ra1e-4_dp0.3_wd1e-4_ah1_ck(1 3 5)__kt6 , train loss: 0.20181080815838834 , validation loss: 0.4750443495089008
epoch 59   lr1e-3_bs64_nh256_ra1e-4_dp0.3_wd1e-4_ah1_ck(1 3 5)__kt6 , train loss: 0.2019051850280341 , validation loss: 0.4829144670117286
epoch 60   lr1e-3_bs64_nh256_ra1e-4_dp0.3_wd1e-4_ah1_ck(1 3 5)__kt6 , train loss: 0.201280153557366 , validation loss: 0.5353943272944419
epoch 61   lr1e-3_bs64_nh256_ra1e-4_dp0.3_wd1e-4_ah1_ck(1 3 5)__kt6 , train loss: 0.20081998152183553 , validation loss: 0.48418928057916705
epoch 62   lr1e-3_bs64_nh256_ra1e-4_dp0.3_wd1e-4_ah1_ck(1 3 5)__kt6 , train loss: 0.20054656785784983 , validation loss: 0.5656961529485641
epoch 63   lr1e-3_bs64_nh256_ra1e-4_dp0.3_wd1e-4_ah1_ck(1 3 5)__kt6 , train loss: 0.19991569571635304 , validation loss: 0.45535512797294125
epoch 64   lr1e-3_bs64_nh256_ra1e-4_dp0.3_wd1e-4_ah1_ck(1 3 5)__kt6 , train loss: 0.20020155886224672 , validation loss: 0.46628934817929424
epoch 65   lr1e-3_bs64_nh256_ra1e-4_dp0.3_wd1e-4_ah1_ck(1 3 5)__kt6 , train loss: 0.1998099311455792 , validation loss: 0.4879631342426423
epoch 66   lr1e-3_bs64_nh256_ra1e-4_dp0.3_wd1e-4_ah1_ck(1 3 5)__kt6 , train loss: 0.1997062086182482 , validation loss: 0.5193114165336855
epoch 67   lr1e-3_bs64_nh256_ra1e-4_dp0.3_wd1e-4_ah1_ck(1 3 5)__kt6 , train loss: 0.19982476145321248 , validation loss: 0.4856203881002242
epoch 68   lr1e-3_bs64_nh256_ra1e-4_dp0.3_wd1e-4_ah1_ck(1 3 5)__kt6 , train loss: 0.19952849788116475 , validation loss: 0.47285534104993265
epoch 69   lr1e-3_bs64_nh256_ra1e-4_dp0.3_wd1e-4_ah1_ck(1 3 5)__kt6 , train loss: 0.19870443065084664 , validation loss: 0.45883963954064155
epoch 70   lr1e-3_bs64_nh256_ra1e-4_dp0.3_wd1e-4_ah1_ck(1 3 5)__kt6 , train loss: 0.19964075190763847 , validation loss: 0.46513655877882437
epoch 71   lr1e-3_bs64_nh256_ra1e-4_dp0.3_wd1e-4_ah1_ck(1 3 5)__kt6 , train loss: 0.19838944880985745 , validation loss: 0.48063555840523015
epoch 72   lr1e-3_bs64_nh256_ra1e-4_dp0.3_wd1e-4_ah1_ck(1 3 5)__kt6 , train loss: 0.1995897187906153 , validation loss: 0.4773651159578754
epoch 73   lr1e-3_bs64_nh256_ra1e-4_dp0.3_wd1e-4_ah1_ck(1 3 5)__kt6 , train loss: 0.19858914993557275 , validation loss: 0.4889820544950424
epoch 74   lr1e-3_bs64_nh256_ra1e-4_dp0.3_wd1e-4_ah1_ck(1 3 5)__kt6 , train loss: 0.1982022330310999 , validation loss: 0.5181543827056885
epoch 75   lr1e-3_bs64_nh256_ra1e-4_dp0.3_wd1e-4_ah1_ck(1 3 5)__kt6 , train loss: 0.19843864901100888 , validation loss: 0.5418481173053864
epoch 76   lr1e-3_bs64_nh256_ra1e-4_dp0.3_wd1e-4_ah1_ck(1 3 5)__kt6 , train loss: 0.19758246042856983 , validation loss: 0.47670476282796553
epoch 77   lr1e-3_bs64_nh256_ra1e-4_dp0.3_wd1e-4_ah1_ck(1 3 5)__kt6 , train loss: 0.1979005862684811 , validation loss: 0.4967367870192374
epoch 78   lr1e-3_bs64_nh256_ra1e-4_dp0.3_wd1e-4_ah1_ck(1 3 5)__kt6 , train loss: 0.19813373801754972 , validation loss: 0.6869104350766828
epoch 79   lr1e-3_bs64_nh256_ra1e-4_dp0.3_wd1e-4_ah1_ck(1 3 5)__kt6 , train loss: 0.19826850368111743 , validation loss: 0.49514888082781144
epoch 80   lr1e-3_bs64_nh256_ra1e-4_dp0.3_wd1e-4_ah1_ck(1 3 5)__kt6 , train loss: 0.19743472060152129 , validation loss: 0.4826632411249222
epoch 81   lr1e-3_bs64_nh256_ra1e-4_dp0.3_wd1e-4_ah1_ck(1 3 5)__kt6 , train loss: 0.19713803161593044 , validation loss: 0.4717985199343774
epoch 82   lr1e-3_bs64_nh256_ra1e-4_dp0.3_wd1e-4_ah1_ck(1 3 5)__kt6 , train loss: 0.19699324937719925 , validation loss: 0.5094915291955394
epoch 83   lr1e-3_bs64_nh256_ra1e-4_dp0.3_wd1e-4_ah1_ck(1 3 5)__kt6 , train loss: 0.19693014317867802 , validation loss: 0.5478449117752814
epoch 84   lr1e-3_bs64_nh256_ra1e-4_dp0.3_wd1e-4_ah1_ck(1 3 5)__kt6 , train loss: 0.19721693888890976 , validation loss: 0.46416350622330943
epoch 85   lr1e-3_bs64_nh256_ra1e-4_dp0.3_wd1e-4_ah1_ck(1 3 5)__kt6 , train loss: 0.19720019188289548 , validation loss: 0.546000208585493
epoch 86   lr1e-3_bs64_nh256_ra1e-4_dp0.3_wd1e-4_ah1_ck(1 3 5)__kt6 , train loss: 0.1962412431397859 , validation loss: 0.5075518210088054
epoch 87   lr1e-3_bs64_nh256_ra1e-4_dp0.3_wd1e-4_ah1_ck(1 3 5)__kt6 , train loss: 0.19738029863904505 , validation loss: 0.47183759846994955
epoch 88   lr1e-3_bs64_nh256_ra1e-4_dp0.3_wd1e-4_ah1_ck(1 3 5)__kt6 , train loss: 0.1959275495187909 , validation loss: 0.4769039452075958
epoch 89   lr1e-3_bs64_nh256_ra1e-4_dp0.3_wd1e-4_ah1_ck(1 3 5)__kt6 , train loss: 0.19641197670031996 , validation loss: 0.4791593868886271
epoch 90   lr1e-3_bs64_nh256_ra1e-4_dp0.3_wd1e-4_ah1_ck(1 3 5)__kt6 , train loss: 0.19666474801944753 , validation loss: 0.5908917803918162
epoch 91   lr1e-3_bs64_nh256_ra1e-4_dp0.3_wd1e-4_ah1_ck(1 3 5)__kt6 , train loss: 0.19699294163900263 , validation loss: 0.49845951603304955
epoch 92   lr1e-3_bs64_nh256_ra1e-4_dp0.3_wd1e-4_ah1_ck(1 3 5)__kt6 , train loss: 0.19620906225606508 , validation loss: 0.5185139804117141
epoch 93   lr1e-3_bs64_nh256_ra1e-4_dp0.3_wd1e-4_ah1_ck(1 3 5)__kt6 , train loss: 0.195770979950241 , validation loss: 0.46893235848795983
epoch 94   lr1e-3_bs64_nh256_ra1e-4_dp0.3_wd1e-4_ah1_ck(1 3 5)__kt6 , train loss: 0.19608092403002814 , validation loss: 0.46936517665463107
epoch 95   lr1e-3_bs64_nh256_ra1e-4_dp0.3_wd1e-4_ah1_ck(1 3 5)__kt6 , train loss: 0.1960013949257486 , validation loss: 0.4617271846340549
epoch 96   lr1e-3_bs64_nh256_ra1e-4_dp0.3_wd1e-4_ah1_ck(1 3 5)__kt6 , train loss: 0.1954807180399988 , validation loss: 0.4799094882703597
tensor(11.0547, device='cuda:0')
MAE: [0.2130614889488229, 0.2912050550760604, 0.34984611314469827, 0.3914593615416776, 0.43319341853389204, 0.45779733172366277, 0.49013627550030103, 0.5057885090145585, 0.522184884737016, 0.5463388580203347, 0.5701085897593626, 0.5891603427295173, 0.6028392400395174, 0.611195712444445, 0.6259045415379881, 0.6315698923465687, 0.6314375175084531, 0.6420820613317676, 0.6544224289973061, 0.6647390059795376, 0.66639611503956, 0.6670972811019459, 0.67358135054096, 0.6737996724637153, 0.6684103399600785, 0.6785707727498436, 0.6865713490121937, 0.6923850487773004, 0.6920610997056008, 0.6872722790203505, 0.687281331466777, 0.6880899623554054] , MAPE: [-0.03256439846871359, -0.014112583761028188, -0.09762331530898556, -0.08106436328622517, -0.11572155732656081, -0.17203098832050123, -0.16744291999039507, -0.19987258075794823, -0.21570019881604235, -0.22194842701892578, -0.19756658722361117, -0.1963541940083393, -0.18421263216376316, -0.1554910880218628, -0.18396380655530442, -0.21597496009717754, -0.22296999432118225, -0.11661153169541431, -0.13132845617004676, -0.10948136894417324, -0.11645639038760372, -0.10152670866409416, -0.13951866268080995, -0.16548316952929948, -0.10713955143132918, -0.18588389038410827, -0.21627914297638445, -0.16533832383465646, -0.09523956529320862, -0.08042059879335549, -0.14905412496147033, -0.13105657151862887] %, RMSE: [0.3984496018786192, 0.49604782085786375, 0.5673766789394875, 0.6274628129299256, 0.6785326454724157, 0.7217245501800015, 0.7692980673769014, 0.7911911089960847, 0.8151830572247514, 0.8415132941399909, 0.8762733773699253, 0.9031846774275781, 0.9241380131603019, 0.9452907678556726, 0.971838195948931, 0.9818591275249869, 0.9895308669010094, 1.0027915876805218, 1.0268842003231917, 1.0436774985758734, 1.0588659472199269, 1.0767064545938854, 1.0981163121680722, 1.1071918828839291, 1.115155876679253, 1.12998407067791, 1.150155716207584, 1.1653881102585049, 1.1815314682130975, 1.1910693646002208, 1.1976286709464816, 1.2076694090449678]
epoch 97   lr1e-3_bs64_nh256_ra1e-4_dp0.3_wd1e-4_ah1_ck(1 3 5)__kt6 , train loss: 0.1958182679817957 , validation loss: 0.4739803825655291
tensor(10.9797, device='cuda:0')
MAE: [0.21406166737715943, 0.2929454982298027, 0.3532229242878543, 0.39328456043964855, 0.4172198544090928, 0.44936545392629, 0.47537718029900805, 0.49982772589266883, 0.5232080791336907, 0.5375114292681048, 0.5724444360415899, 0.5873342904926507, 0.5900815811679977, 0.608240445657742, 0.6185668595133761, 0.6284021655220006, 0.6331457409679938, 0.6362411370307642, 0.6589569768924024, 0.6657952994603131, 0.6628820212474213, 0.6685362550288245, 0.6718344728584075, 0.6767202049920504, 0.6854868047909279, 0.6831606666514433, 0.6978771755193638, 0.7041395991024162, 0.6960104695220852, 0.6930984097519624, 0.6912474726156465, 0.6917576159465719] , MAPE: [-0.027898663996656317, 0.006852401398524541, -0.11127794894840244, -0.080008939724374, -0.07422946674845735, -0.14995464586759702, -0.12650809650546835, -0.16352500164151165, -0.18492468217827832, -0.1690740828711795, -0.17307030461516176, -0.1388033882580628, -0.08110983659878777, -0.062194052111575915, -0.10832356586666059, -0.20059204672347483, -0.19042821589477607, -0.09879283575549452, -0.10807641892265883, -0.07507569303188778, -0.06185667538369657, -0.0755647940331807, -0.06463676060245216, -0.10520290529268851, -0.11800741124907753, -0.1875254519030909, -0.1620619224253371, -0.10224049397251928, -0.012503491248520187, -0.05362642292431954, -0.09913340507435081, -0.07875574497334613] %, RMSE: [0.4085312879453398, 0.5100964655993158, 0.5879315461953736, 0.6463090873130203, 0.6843817926591876, 0.7293621671498981, 0.7731141434490408, 0.8070262588246949, 0.8376233463004952, 0.8570438627491945, 0.8993861462263811, 0.9245205079515908, 0.9428042033068218, 0.9648964801762794, 0.9842073338123658, 0.9960428263601915, 1.0053656320379853, 1.0121945644542283, 1.0316733006112815, 1.0463642459516065, 1.0583759342909003, 1.0720564359751794, 1.0879382543793246, 1.0960603100324662, 1.1107691190262223, 1.1177303111883619, 1.1361348486645064, 1.1544493167910148, 1.168321866471861, 1.176848367015474, 1.18811719684776, 1.1943803051106185]
epoch 98   lr1e-3_bs64_nh256_ra1e-4_dp0.3_wd1e-4_ah1_ck(1 3 5)__kt6 , train loss: 0.1954984206194971 , validation loss: 0.469881433633066
tensor(10.9218, device='cuda:0')
MAE: [0.21464203550248082, 0.2923272475465261, 0.3337127218110269, 0.36797308095089803, 0.3993939173211428, 0.42597286611248725, 0.442599977244369, 0.47091606321935725, 0.481639182414787, 0.5086935695831651, 0.5252221522236896, 0.5368831803217143, 0.549615890069272, 0.565790880301169, 0.5795640960651656, 0.5874028414154981, 0.581396705764624, 0.594412503061163, 0.6089900208156701, 0.6148226117187893, 0.6244254169209147, 0.6332665323884069, 0.6394782870374136, 0.6351788525154161, 0.6306190236578514, 0.6375157238119221, 0.6456140463435901, 0.6523655921527995, 0.6597408956841796, 0.660071687704678, 0.6601494286519947, 0.6557235359810293] , MAPE: [-0.013094681315036912, 0.003935277111282158, -0.018205219549030306, 0.044026176521324595, 0.03281388839796122, -0.018459565480752785, -0.041107072396474126, -0.058605039634832275, 0.001588542123794232, -0.028549462537674306, -0.004054947247803721, 0.054972508683182715, 0.05038332747126829, 0.09397826222744098, 0.039789822581730014, -0.05882527617028013, 0.00781200142684181, 0.017117588776652475, 0.0365784999855113, 0.07854925659836401, 0.06391994292795879, 0.009817593790269297, -0.05207274180737909, -0.014062876518857332, -0.06269523868052056, -0.07751990471580958, -0.08180486331041789, -0.015429258916614534, 0.06168073872978611, 0.0351423068499227, 0.04522452906039283, 0.007698961260258435] %, RMSE: [0.4344350362716458, 0.5465475496111444, 0.6026599724322897, 0.6522716090188895, 0.6964553431909558, 0.7375551929153451, 0.7703236640624119, 0.7991289874516312, 0.8179736795910679, 0.8471040539574188, 0.8723593673390683, 0.8959386384615472, 0.9190115361671904, 0.9391846074035538, 0.9592460465146267, 0.9698072878075983, 0.9713368056054675, 0.986655764765785, 1.002864044709258, 1.021704327561592, 1.0423878854609656, 1.058605155278551, 1.075566640198819, 1.0771166177494762, 1.0808221795454844, 1.092212535490444, 1.1056593330414013, 1.1258164911229482, 1.1487681398623693, 1.1640101482401397, 1.1754247433413387, 1.1765571942115205]
epoch 99   lr1e-3_bs64_nh256_ra1e-4_dp0.3_wd1e-4_ah1_ck(1 3 5)__kt6 , train loss: 0.19592105896741735 , validation loss: 0.508782701146218
tensor(10.9412, device='cuda:0')
MAE: [0.2343337390975688, 0.3180792193745154, 0.3720620152880135, 0.4036067594701981, 0.4445479720634009, 0.4809069082334686, 0.5119365522188993, 0.5259713778915247, 0.5460440873006335, 0.5715043000998097, 0.5946125813659474, 0.6104607981063135, 0.6271306931883968, 0.6471706794000339, 0.6657811029949406, 0.6657877545079289, 0.6641185289692956, 0.6754394193803529, 0.6960501739842115, 0.706715005325613, 0.7099111790518675, 0.7165297600794704, 0.7165209587288948, 0.7159151804392262, 0.7133105451790737, 0.7180223682410531, 0.7288551774535377, 0.7341695569919592, 0.7365993309848059, 0.7384318341589835, 0.7370238408100876, 0.7375624957048854] , MAPE: [-0.02155788632792709, -0.01806754927159764, -0.10521433732928968, -0.05642058143365067, -0.13231392976002448, -0.17326376648696765, -0.20308108598823088, -0.17688826416981615, -0.22291818500499508, -0.2394588549403406, -0.23483207756703284, -0.2159843381467697, -0.2114181624713963, -0.1925687310479503, -0.24206654757763146, -0.2577693420917211, -0.25362681455783753, -0.19967617665627993, -0.1466217190273992, -0.20283598096328545, -0.19713466762643922, -0.16159189677511132, -0.19730371771545252, -0.21909010907682858, -0.23449696987116883, -0.2643441412208629, -0.20649357361483645, -0.29454350075250235, -0.11977470258223638, -0.15985020492380023, -0.20846780658354333, -0.1900674129942154] %, RMSE: [0.43824469134784505, 0.5490395667334675, 0.6160826108850009, 0.6547137658212934, 0.7019267699270535, 0.7517834490940639, 0.7954120532037301, 0.8145700364622649, 0.834379080974855, 0.8620386371695983, 0.8952441472751768, 0.9209628974061609, 0.9417892606870925, 0.9669185586860083, 0.9931701772430328, 0.9980286514930837, 0.9984094131591954, 1.009602438069246, 1.035364071416385, 1.055125790044208, 1.0656660280741153, 1.0815319093965023, 1.0896354015578973, 1.0924122930168065, 1.0945353437222216, 1.1056707340526324, 1.1242792845127696, 1.1396377075216446, 1.1555450344363936, 1.1691262967202614, 1.1725195900885044, 1.1798319665886405]
test loss: NIL 
MAE: [0.2343337390975688, 0.3180792193745154, 0.3720620152880135, 0.4036067594701981, 0.4445479720634009, 0.4809069082334686, 0.5119365522188993, 0.5259713778915247, 0.5460440873006335, 0.5715043000998097, 0.5946125813659474, 0.6104607981063135, 0.6271306931883968, 0.6471706794000339, 0.6657811029949406, 0.6657877545079289, 0.6641185289692956, 0.6754394193803529, 0.6960501739842115, 0.706715005325613, 0.7099111790518675, 0.7165297600794704, 0.7165209587288948, 0.7159151804392262, 0.7133105451790737, 0.7180223682410531, 0.7288551774535377, 0.7341695569919592, 0.7365993309848059, 0.7384318341589835, 0.7370238408100876, 0.7375624957048854] , MAPE: [-0.02155788632792709, -0.01806754927159764, -0.10521433732928968, -0.05642058143365067, -0.13231392976002448, -0.17326376648696765, -0.20308108598823088, -0.17688826416981615, -0.22291818500499508, -0.2394588549403406, -0.23483207756703284, -0.2159843381467697, -0.2114181624713963, -0.1925687310479503, -0.24206654757763146, -0.2577693420917211, -0.25362681455783753, -0.19967617665627993, -0.1466217190273992, -0.20283598096328545, -0.19713466762643922, -0.16159189677511132, -0.19730371771545252, -0.21909010907682858, -0.23449696987116883, -0.2643441412208629, -0.20649357361483645, -0.29454350075250235, -0.11977470258223638, -0.15985020492380023, -0.20846780658354333, -0.1900674129942154] %, RMSE: [0.43824469134784505, 0.5490395667334675, 0.6160826108850009, 0.6547137658212934, 0.7019267699270535, 0.7517834490940639, 0.7954120532037301, 0.8145700364622649, 0.834379080974855, 0.8620386371695983, 0.8952441472751768, 0.9209628974061609, 0.9417892606870925, 0.9669185586860083, 0.9931701772430328, 0.9980286514930837, 0.9984094131591954, 1.009602438069246, 1.035364071416385, 1.055125790044208, 1.0656660280741153, 1.0815319093965023, 1.0896354015578973, 1.0924122930168065, 1.0945353437222216, 1.1056707340526324, 1.1242792845127696, 1.1396377075216446, 1.1555450344363936, 1.1691262967202614, 1.1725195900885044, 1.1798319665886405]
====================
training elapsedd with 1412.53 seconds for 100 iterations, the sec/iter = 14.13

MAE_mean: [0.23433374 0.31807922 0.37206202 0.40360676 0.44454797 0.48090691
 0.51193655 0.52597138 0.54604409 0.5715043  0.59461258 0.6104608
 0.62713069 0.64717068 0.6657811  0.66578775 0.66411853 0.67543942
 0.69605017 0.70671501 0.70991118 0.71652976 0.71652096 0.71591518
 0.71331055 0.71802237 0.72885518 0.73416956 0.73659933 0.73843183
 0.73702384 0.7375625 ] , MAPE_mean: [-0.02155789 -0.01806755 -0.10521434 -0.05642058 -0.13231393 -0.17326377
 -0.20308109 -0.17688826 -0.22291819 -0.23945885 -0.23483208 -0.21598434
 -0.21141816 -0.19256873 -0.24206655 -0.25776934 -0.25362681 -0.19967618
 -0.14662172 -0.20283598 -0.19713467 -0.1615919  -0.19730372 -0.21909011
 -0.23449697 -0.26434414 -0.20649357 -0.2945435  -0.1197747  -0.1598502
 -0.20846781 -0.19006741] , RMSE_mean: [0.43824469 0.54903957 0.61608261 0.65471377 0.70192677 0.75178345
 0.79541205 0.81457004 0.83437908 0.86203864 0.89524415 0.9209629
 0.94178926 0.96691856 0.99317018 0.99802865 0.99840941 1.00960244
 1.03536407 1.05512579 1.06566603 1.08153191 1.0896354  1.09241229
 1.09453534 1.10567073 1.12427928 1.13963771 1.15554503 1.1691263
 1.17251959 1.17983197]

MAE_std: [nan nan nan nan nan nan nan nan nan nan nan nan nan nan nan nan nan nan
 nan nan nan nan nan nan nan nan nan nan nan nan nan nan] , MAPE_std: [nan nan nan nan nan nan nan nan nan nan nan nan nan nan nan nan nan nan
 nan nan nan nan nan nan nan nan nan nan nan nan nan nan] , RMSE_std: [nan nan nan nan nan nan nan nan nan nan nan nan nan nan nan nan nan nan
 nan nan nan nan nan nan nan nan nan nan nan nan nan nan]
Finished training with: lr1e-3_bs64_nh256_ra1e-4_dp0.3_wd1e-4_ah1_ck(1 3 5)__kt6
2025-03-13 21:38:25.794177: I tensorflow/core/platform/cpu_feature_guard.cc:182] This TensorFlow binary is optimized to use available CPU instructions in performance-critical operations.
To enable the following instructions: AVX2 FMA, in other operations, rebuild TensorFlow with the appropriate compiler flags.
2025-03-13 21:38:28.337493: W tensorflow/compiler/tf2tensorrt/utils/py_utils.cc:38] TF-TRT Warning: Could not find TensorRT
